2021-10-13 00:01:21,169 WARN HikariPool-1 - Thread starvation or clock leap detected (housekeeper delta=1m20s882ms546µs500ns).

2021-10-13 00:05:22,911 WARN HikariPool-1 - Thread starvation or clock leap detected (housekeeper delta=2m1s724ms566µs).

2021-10-13 00:06:32,360 WARN clearConfigHistory start

2021-10-13 00:06:32,361 WARN clearConfigHistory, getBeforeStamp:2021-09-13 00:06:32.0, totalCount:7, pageSize:1000, removeTime:1

2021-10-13 00:09:41,408 WARN HikariPool-1 - Thread starvation or clock leap detected (housekeeper delta=2m18s482ms604µs600ns).

2021-10-13 00:11:58,708 INFO [capacityManagement] start correct usage

2021-10-13 00:11:58,709 INFO [capacityManagement] end correct usage, cost: 0s

2021-10-13 00:14:05,132 WARN HikariPool-1 - Thread starvation or clock leap detected (housekeeper delta=1m23s686ms405µs100ns).

2021-10-13 00:16:32,339 WARN clearConfigHistory start

2021-10-13 00:16:32,340 WARN clearConfigHistory, getBeforeStamp:2021-09-13 00:16:32.0, totalCount:7, pageSize:1000, removeTime:1

2021-10-13 00:20:07,469 WARN HikariPool-1 - Thread starvation or clock leap detected (housekeeper delta=2m32s297ms793µs).

2021-10-13 00:25:05,676 INFO [capacityManagement] start correct usage

2021-10-13 00:25:05,678 INFO [capacityManagement] end correct usage, cost: 0s

2021-10-13 00:26:48,912 WARN clearConfigHistory start

2021-10-13 00:26:48,912 WARN clearConfigHistory, getBeforeStamp:2021-09-13 00:26:48.0, totalCount:7, pageSize:1000, removeTime:1

2021-10-13 00:26:49,365 WARN HikariPool-1 - Thread starvation or clock leap detected (housekeeper delta=2m831ms556µs700ns).

2021-10-13 00:30:10,636 WARN HikariPool-1 - Thread starvation or clock leap detected (housekeeper delta=1m21s260ms994µs200ns).

2021-10-13 00:36:12,623 WARN HikariPool-1 - Thread starvation or clock leap detected (housekeeper delta=4m1s969ms9µs400ns).

2021-10-13 00:36:48,888 WARN clearConfigHistory start

2021-10-13 00:36:48,889 WARN clearConfigHistory, getBeforeStamp:2021-09-13 00:36:48.0, totalCount:7, pageSize:1000, removeTime:1

2021-10-13 00:39:33,700 WARN HikariPool-1 - Thread starvation or clock leap detected (housekeeper delta=1m21s60ms767µs800ns).

2021-10-13 00:41:50,696 INFO [capacityManagement] start correct usage

2021-10-13 00:41:50,696 INFO [capacityManagement] end correct usage, cost: 0s

2021-10-13 00:45:02,532 WARN HikariPool-1 - Thread starvation or clock leap detected (housekeeper delta=47s706ms96µs400ns).

2021-10-13 00:46:48,840 WARN clearConfigHistory start

2021-10-13 00:46:48,843 WARN clearConfigHistory, getBeforeStamp:2021-09-13 00:46:48.0, totalCount:7, pageSize:1000, removeTime:1

2021-10-13 00:50:23,989 WARN Stream Error

io.grpc.netty.shaded.io.netty.handler.codec.http2.Http2Exception$StreamException: Received DATA frame for an unknown stream 35033
	at io.grpc.netty.shaded.io.netty.handler.codec.http2.Http2Exception.streamError(Http2Exception.java:147)
	at io.grpc.netty.shaded.io.netty.handler.codec.http2.DefaultHttp2ConnectionDecoder$FrameReadListener.shouldIgnoreHeadersOrDataFrame(DefaultHttp2ConnectionDecoder.java:591)
	at io.grpc.netty.shaded.io.netty.handler.codec.http2.DefaultHttp2ConnectionDecoder$FrameReadListener.onDataRead(DefaultHttp2ConnectionDecoder.java:239)
	at io.grpc.netty.shaded.io.netty.handler.codec.http2.Http2InboundFrameLogger$1.onDataRead(Http2InboundFrameLogger.java:48)
	at io.grpc.netty.shaded.io.netty.handler.codec.http2.DefaultHttp2FrameReader.readDataFrame(DefaultHttp2FrameReader.java:422)
	at io.grpc.netty.shaded.io.netty.handler.codec.http2.DefaultHttp2FrameReader.processPayloadState(DefaultHttp2FrameReader.java:251)
	at io.grpc.netty.shaded.io.netty.handler.codec.http2.DefaultHttp2FrameReader.readFrame(DefaultHttp2FrameReader.java:160)
	at io.grpc.netty.shaded.io.netty.handler.codec.http2.Http2InboundFrameLogger.readFrame(Http2InboundFrameLogger.java:41)
	at io.grpc.netty.shaded.io.netty.handler.codec.http2.DefaultHttp2ConnectionDecoder.decodeFrame(DefaultHttp2ConnectionDecoder.java:174)
	at io.grpc.netty.shaded.io.netty.handler.codec.http2.Http2ConnectionHandler$FrameDecoder.decode(Http2ConnectionHandler.java:378)
	at io.grpc.netty.shaded.io.netty.handler.codec.http2.Http2ConnectionHandler.decode(Http2ConnectionHandler.java:438)
	at io.grpc.netty.shaded.io.netty.handler.codec.ByteToMessageDecoder.decodeRemovalReentryProtection(ByteToMessageDecoder.java:505)
	at io.grpc.netty.shaded.io.netty.handler.codec.ByteToMessageDecoder.callDecode(ByteToMessageDecoder.java:444)
	at io.grpc.netty.shaded.io.netty.handler.codec.ByteToMessageDecoder.channelRead(ByteToMessageDecoder.java:283)
	at io.grpc.netty.shaded.io.netty.channel.AbstractChannelHandlerContext.invokeChannelRead(AbstractChannelHandlerContext.java:374)
	at io.grpc.netty.shaded.io.netty.channel.AbstractChannelHandlerContext.invokeChannelRead(AbstractChannelHandlerContext.java:360)
	at io.grpc.netty.shaded.io.netty.channel.AbstractChannelHandlerContext.fireChannelRead(AbstractChannelHandlerContext.java:352)
	at io.grpc.netty.shaded.io.netty.channel.DefaultChannelPipeline$HeadContext.channelRead(DefaultChannelPipeline.java:1421)
	at io.grpc.netty.shaded.io.netty.channel.AbstractChannelHandlerContext.invokeChannelRead(AbstractChannelHandlerContext.java:374)
	at io.grpc.netty.shaded.io.netty.channel.AbstractChannelHandlerContext.invokeChannelRead(AbstractChannelHandlerContext.java:360)
	at io.grpc.netty.shaded.io.netty.channel.DefaultChannelPipeline.fireChannelRead(DefaultChannelPipeline.java:930)
	at io.grpc.netty.shaded.io.netty.channel.nio.AbstractNioByteChannel$NioByteUnsafe.read(AbstractNioByteChannel.java:163)
	at io.grpc.netty.shaded.io.netty.channel.nio.NioEventLoop.processSelectedKey(NioEventLoop.java:697)
	at io.grpc.netty.shaded.io.netty.channel.nio.NioEventLoop.processSelectedKeysOptimized(NioEventLoop.java:632)
	at io.grpc.netty.shaded.io.netty.channel.nio.NioEventLoop.processSelectedKeys(NioEventLoop.java:549)
	at io.grpc.netty.shaded.io.netty.channel.nio.NioEventLoop.run(NioEventLoop.java:511)
	at io.grpc.netty.shaded.io.netty.util.concurrent.SingleThreadEventExecutor$5.run(SingleThreadEventExecutor.java:918)
	at io.grpc.netty.shaded.io.netty.util.internal.ThreadExecutorMap$2.run(ThreadExecutorMap.java:74)
	at io.grpc.netty.shaded.io.netty.util.concurrent.FastThreadLocalRunnable.run(FastThreadLocalRunnable.java:30)
	at java.lang.Thread.run(Thread.java:748)
2021-10-13 00:52:42,647 INFO [capacityManagement] start correct usage

2021-10-13 00:52:42,648 INFO [capacityManagement] end correct usage, cost: 0s

2021-10-13 00:56:48,787 WARN clearConfigHistory start

2021-10-13 00:56:48,788 WARN clearConfigHistory, getBeforeStamp:2021-09-13 00:56:48.0, totalCount:7, pageSize:1000, removeTime:1

2021-10-13 01:01:11,916 WARN HikariPool-1 - Thread starvation or clock leap detected (housekeeper delta=52s865ms973µs400ns).

2021-10-13 01:03:28,610 INFO [capacityManagement] start correct usage

2021-10-13 01:03:28,610 INFO [capacityManagement] end correct usage, cost: 0s

2021-10-13 01:06:48,726 WARN clearConfigHistory start

2021-10-13 01:06:48,727 WARN clearConfigHistory, getBeforeStamp:2021-09-13 01:06:48.0, totalCount:7, pageSize:1000, removeTime:1

2021-10-13 01:14:14,751 INFO [capacityManagement] start correct usage

2021-10-13 01:14:14,752 INFO [capacityManagement] end correct usage, cost: 0s

2021-10-13 01:16:48,674 WARN clearConfigHistory start

2021-10-13 01:16:48,675 WARN clearConfigHistory, getBeforeStamp:2021-09-13 01:16:48.0, totalCount:7, pageSize:1000, removeTime:1

2021-10-13 01:24:53,647 INFO [capacityManagement] start correct usage

2021-10-13 01:24:53,648 INFO [capacityManagement] end correct usage, cost: 0s

2021-10-13 01:26:06,175 WARN HikariPool-1 - Thread starvation or clock leap detected (housekeeper delta=58s874ms446µs300ns).

2021-10-13 01:26:48,612 WARN clearConfigHistory start

2021-10-13 01:26:48,613 WARN clearConfigHistory, getBeforeStamp:2021-09-13 01:26:48.0, totalCount:7, pageSize:1000, removeTime:1

2021-10-13 01:35:56,700 INFO [capacityManagement] start correct usage

2021-10-13 01:35:56,700 INFO [capacityManagement] end correct usage, cost: 0s

2021-10-13 01:36:48,539 WARN clearConfigHistory start

2021-10-13 01:36:48,540 WARN clearConfigHistory, getBeforeStamp:2021-09-13 01:36:48.0, totalCount:7, pageSize:1000, removeTime:1

2021-10-13 01:46:42,815 INFO [capacityManagement] start correct usage

2021-10-13 01:46:42,816 INFO [capacityManagement] end correct usage, cost: 0s

2021-10-13 01:46:48,490 WARN clearConfigHistory start

2021-10-13 01:46:48,491 WARN clearConfigHistory, getBeforeStamp:2021-09-13 01:46:48.0, totalCount:7, pageSize:1000, removeTime:1

2021-10-13 01:48:18,690 WARN HikariPool-1 - Thread starvation or clock leap detected (housekeeper delta=1m21s937ms902µs900ns).

2021-10-13 01:56:48,428 WARN clearConfigHistory start

2021-10-13 01:56:48,429 WARN clearConfigHistory, getBeforeStamp:2021-09-13 01:56:48.0, totalCount:7, pageSize:1000, removeTime:1

2021-10-13 01:58:08,642 INFO [capacityManagement] start correct usage

2021-10-13 01:58:08,643 INFO [capacityManagement] end correct usage, cost: 0s

2021-10-13 02:06:48,378 WARN clearConfigHistory start

2021-10-13 02:06:48,379 WARN clearConfigHistory, getBeforeStamp:2021-09-13 02:06:48.0, totalCount:7, pageSize:1000, removeTime:1

2021-10-13 02:08:54,810 INFO [capacityManagement] start correct usage

2021-10-13 02:08:54,812 INFO [capacityManagement] end correct usage, cost: 0s

2021-10-13 02:16:48,313 WARN clearConfigHistory start

2021-10-13 02:16:48,315 WARN clearConfigHistory, getBeforeStamp:2021-09-13 02:16:48.0, totalCount:7, pageSize:1000, removeTime:1

2021-10-13 02:19:40,756 INFO [capacityManagement] start correct usage

2021-10-13 02:19:40,757 INFO [capacityManagement] end correct usage, cost: 0s

2021-10-13 02:26:00,095 WARN HikariPool-1 - Thread starvation or clock leap detected (housekeeper delta=46s895ms652µs300ns).

2021-10-13 02:26:48,241 WARN clearConfigHistory start

2021-10-13 02:26:48,242 WARN clearConfigHistory, getBeforeStamp:2021-09-13 02:26:48.0, totalCount:7, pageSize:1000, removeTime:1

2021-10-13 02:30:26,701 INFO [capacityManagement] start correct usage

2021-10-13 02:30:26,701 INFO [capacityManagement] end correct usage, cost: 0s

2021-10-13 02:36:48,177 WARN clearConfigHistory start

2021-10-13 02:36:48,178 WARN clearConfigHistory, getBeforeStamp:2021-09-13 02:36:48.0, totalCount:7, pageSize:1000, removeTime:1

2021-10-13 02:41:12,938 INFO [capacityManagement] start correct usage

2021-10-13 02:41:12,939 INFO [capacityManagement] end correct usage, cost: 0s

2021-10-13 02:46:48,125 WARN clearConfigHistory start

2021-10-13 02:46:48,127 WARN clearConfigHistory, getBeforeStamp:2021-09-13 02:46:48.0, totalCount:7, pageSize:1000, removeTime:1

2021-10-13 02:51:58,861 INFO [capacityManagement] start correct usage

2021-10-13 02:51:58,863 INFO [capacityManagement] end correct usage, cost: 0s

2021-10-13 02:56:48,063 WARN clearConfigHistory start

2021-10-13 02:56:48,064 WARN clearConfigHistory, getBeforeStamp:2021-09-13 02:56:48.0, totalCount:7, pageSize:1000, removeTime:1

2021-10-13 03:02:44,657 INFO [capacityManagement] start correct usage

2021-10-13 03:02:44,658 INFO [capacityManagement] end correct usage, cost: 0s

2021-10-13 03:06:47,990 WARN clearConfigHistory start

2021-10-13 03:06:47,991 WARN clearConfigHistory, getBeforeStamp:2021-09-13 03:06:47.0, totalCount:7, pageSize:1000, removeTime:1

2021-10-13 03:11:40,047 WARN HikariPool-1 - Thread starvation or clock leap detected (housekeeper delta=46s555ms714µs100ns).

2021-10-13 03:13:24,922 INFO [capacityManagement] start correct usage

2021-10-13 03:13:24,922 INFO [capacityManagement] end correct usage, cost: 0s

2021-10-13 03:14:26,990 WARN HikariPool-1 - Thread starvation or clock leap detected (housekeeper delta=46s925ms488µs900ns).

2021-10-13 03:16:58,592 WARN clearConfigHistory start

2021-10-13 03:16:58,592 WARN clearConfigHistory, getBeforeStamp:2021-09-13 03:16:58.0, totalCount:7, pageSize:1000, removeTime:1

2021-10-13 03:24:15,822 INFO [capacityManagement] start correct usage

2021-10-13 03:24:15,823 INFO [capacityManagement] end correct usage, cost: 0s

2021-10-13 03:26:58,546 WARN clearConfigHistory start

2021-10-13 03:26:58,548 WARN clearConfigHistory, getBeforeStamp:2021-09-13 03:26:58.0, totalCount:7, pageSize:1000, removeTime:1

2021-10-13 03:30:35,169 WARN HikariPool-1 - Thread starvation or clock leap detected (housekeeper delta=47s970ms288µs500ns).

2021-10-13 03:34:53,925 INFO [capacityManagement] start correct usage

2021-10-13 03:34:53,926 INFO [capacityManagement] end correct usage, cost: 0s

2021-10-13 03:35:58,302 WARN HikariPool-1 - Thread starvation or clock leap detected (housekeeper delta=48s961ms457µs800ns).

2021-10-13 03:36:58,476 WARN clearConfigHistory start

2021-10-13 03:36:58,477 WARN clearConfigHistory, getBeforeStamp:2021-09-13 03:36:58.0, totalCount:7, pageSize:1000, removeTime:1

2021-10-13 03:45:47,660 INFO [capacityManagement] start correct usage

2021-10-13 03:45:47,667 INFO [capacityManagement] end correct usage, cost: 0s

2021-10-13 03:46:58,405 WARN clearConfigHistory start

2021-10-13 03:46:58,406 WARN clearConfigHistory, getBeforeStamp:2021-09-13 03:46:58.0, totalCount:7, pageSize:1000, removeTime:1

2021-10-13 03:56:32,844 INFO [capacityManagement] start correct usage

2021-10-13 03:56:32,845 INFO [capacityManagement] end correct usage, cost: 0s

2021-10-13 03:56:58,348 WARN clearConfigHistory start

2021-10-13 03:56:58,349 WARN clearConfigHistory, getBeforeStamp:2021-09-13 03:56:58.0, totalCount:7, pageSize:1000, removeTime:1

2021-10-13 04:06:58,286 WARN clearConfigHistory start

2021-10-13 04:06:58,286 WARN clearConfigHistory, getBeforeStamp:2021-09-13 04:06:58.0, totalCount:7, pageSize:1000, removeTime:1

2021-10-13 04:07:18,656 INFO [capacityManagement] start correct usage

2021-10-13 04:07:18,658 INFO [capacityManagement] end correct usage, cost: 0s

2021-10-13 04:16:58,242 WARN clearConfigHistory start

2021-10-13 04:16:58,244 WARN clearConfigHistory, getBeforeStamp:2021-09-13 04:16:58.0, totalCount:7, pageSize:1000, removeTime:1

2021-10-13 04:17:43,901 INFO [capacityManagement] start correct usage

2021-10-13 04:17:43,902 INFO [capacityManagement] end correct usage, cost: 0s

2021-10-13 04:18:20,093 WARN HikariPool-1 - Thread starvation or clock leap detected (housekeeper delta=51s128ms504µs600ns).

2021-10-13 04:26:58,180 WARN clearConfigHistory start

2021-10-13 04:26:58,180 WARN clearConfigHistory, getBeforeStamp:2021-09-13 04:26:58.0, totalCount:7, pageSize:1000, removeTime:1

2021-10-13 04:28:39,900 INFO [capacityManagement] start correct usage

2021-10-13 04:28:39,901 INFO [capacityManagement] end correct usage, cost: 0s

2021-10-13 04:29:21,062 WARN HikariPool-1 - Thread starvation or clock leap detected (housekeeper delta=55s959ms132µs600ns).

2021-10-13 04:32:28,155 WARN HikariPool-1 - Thread starvation or clock leap detected (housekeeper delta=1m7s80ms320µs300ns).

2021-10-13 04:36:58,132 WARN clearConfigHistory start

2021-10-13 04:36:58,134 WARN clearConfigHistory, getBeforeStamp:2021-09-13 04:36:58.0, totalCount:7, pageSize:1000, removeTime:1

2021-10-13 04:40:04,673 INFO [capacityManagement] start correct usage

2021-10-13 04:40:04,674 INFO [capacityManagement] end correct usage, cost: 0s

2021-10-13 04:46:58,073 WARN clearConfigHistory start

2021-10-13 04:46:58,074 WARN clearConfigHistory, getBeforeStamp:2021-09-13 04:46:58.0, totalCount:7, pageSize:1000, removeTime:1

2021-10-13 04:50:50,855 INFO [capacityManagement] start correct usage

2021-10-13 04:50:50,856 INFO [capacityManagement] end correct usage, cost: 0s

2021-10-13 04:56:57,998 WARN clearConfigHistory start

2021-10-13 04:56:57,999 WARN clearConfigHistory, getBeforeStamp:2021-09-13 04:56:57.0, totalCount:7, pageSize:1000, removeTime:1

2021-10-13 05:01:36,593 INFO [capacityManagement] start correct usage

2021-10-13 05:01:36,593 INFO [capacityManagement] end correct usage, cost: 0s

2021-10-13 05:04:51,892 WARN HikariPool-1 - Thread starvation or clock leap detected (housekeeper delta=49s969ms891µs800ns).

2021-10-13 05:06:57,953 WARN clearConfigHistory start

2021-10-13 05:06:57,955 WARN clearConfigHistory, getBeforeStamp:2021-09-13 05:06:57.0, totalCount:7, pageSize:1000, removeTime:1

2021-10-13 05:07:38,906 WARN HikariPool-1 - Thread starvation or clock leap detected (housekeeper delta=47s2ms163µs100ns).

2021-10-13 05:10:59,891 WARN HikariPool-1 - Thread starvation or clock leap detected (housekeeper delta=1m20s975ms249µs500ns).

2021-10-13 05:13:15,787 INFO [capacityManagement] start correct usage

2021-10-13 05:13:15,788 INFO [capacityManagement] end correct usage, cost: 0s

2021-10-13 05:15:36,053 WARN HikariPool-1 - Thread starvation or clock leap detected (housekeeper delta=2m36s139ms698µs600ns).

2021-10-13 05:16:57,906 WARN clearConfigHistory start

2021-10-13 05:16:57,906 WARN clearConfigHistory, getBeforeStamp:2021-09-13 05:16:57.0, totalCount:7, pageSize:1000, removeTime:1

2021-10-13 05:18:56,136 WARN HikariPool-1 - Thread starvation or clock leap detected (housekeeper delta=1m20s68ms689µs200ns).

2021-10-13 05:26:33,941 INFO [capacityManagement] start correct usage

2021-10-13 05:26:33,942 INFO [capacityManagement] end correct usage, cost: 0s

2021-10-13 05:28:18,715 WARN clearConfigHistory start

2021-10-13 05:28:18,715 WARN clearConfigHistory, getBeforeStamp:2021-09-13 05:28:18.0, totalCount:7, pageSize:1000, removeTime:1

2021-10-13 05:28:19,214 WARN HikariPool-1 - Thread starvation or clock leap detected (housekeeper delta=2m992ms554µs800ns).

2021-10-13 05:31:40,339 WARN HikariPool-1 - Thread starvation or clock leap detected (housekeeper delta=1m21s100ms40µs300ns).

2021-10-13 05:37:42,123 WARN HikariPool-1 - Thread starvation or clock leap detected (housekeeper delta=4m1s781ms962µs500ns).

2021-10-13 05:38:18,681 WARN clearConfigHistory start

2021-10-13 05:38:18,682 WARN clearConfigHistory, getBeforeStamp:2021-09-13 05:38:18.0, totalCount:7, pageSize:1000, removeTime:1

2021-10-13 05:41:03,498 WARN HikariPool-1 - Thread starvation or clock leap detected (housekeeper delta=1m21s377ms374µs600ns).

2021-10-13 05:43:19,095 INFO [capacityManagement] start correct usage

2021-10-13 05:43:19,095 INFO [capacityManagement] end correct usage, cost: 0s

2021-10-13 05:48:16,845 WARN clearConfigHistory start

2021-10-13 05:48:16,845 WARN clearConfigHistory, getBeforeStamp:2021-09-13 05:48:16.0, totalCount:7, pageSize:1000, removeTime:1

2021-10-13 05:53:17,286 INFO [capacityManagement] start correct usage

2021-10-13 05:53:17,287 INFO [capacityManagement] end correct usage, cost: 0s

2021-10-13 05:58:16,832 WARN clearConfigHistory start

2021-10-13 05:58:16,834 WARN clearConfigHistory, getBeforeStamp:2021-09-13 05:58:16.0, totalCount:7, pageSize:1000, removeTime:1

2021-10-13 06:03:13,757 WARN HikariPool-1 - Thread starvation or clock leap detected (housekeeper delta=1m22s319ms634µs900ns).

2021-10-13 06:04:29,042 INFO [capacityManagement] start correct usage

2021-10-13 06:04:29,043 INFO [capacityManagement] end correct usage, cost: 0s

2021-10-13 06:07:14,451 WARN HikariPool-1 - Thread starvation or clock leap detected (housekeeper delta=2m683ms435µs300ns).

2021-10-13 06:08:16,794 WARN clearConfigHistory start

2021-10-13 06:08:16,795 WARN clearConfigHistory, getBeforeStamp:2021-09-13 06:08:16.0, totalCount:7, pageSize:1000, removeTime:1

2021-10-13 06:12:34,350 WARN HikariPool-1 - Thread starvation or clock leap detected (housekeeper delta=3m19s887ms507µs700ns).

2021-10-13 06:15:55,842 WARN HikariPool-1 - Thread starvation or clock leap detected (housekeeper delta=1m21s483ms763µs500ns).

2021-10-13 06:18:16,778 WARN clearConfigHistory start

2021-10-13 06:18:16,778 WARN clearConfigHistory, getBeforeStamp:2021-09-13 06:18:16.0, totalCount:7, pageSize:1000, removeTime:1

2021-10-13 06:19:16,453 WARN HikariPool-1 - Thread starvation or clock leap detected (housekeeper delta=1m20s604ms126µs600ns).

2021-10-13 06:20:31,605 INFO [capacityManagement] start correct usage

2021-10-13 06:20:31,606 INFO [capacityManagement] end correct usage, cost: 0s

2021-10-13 06:28:29,941 WARN clearConfigHistory start

2021-10-13 06:28:34,948 WARN clearConfigHistory, getBeforeStamp:2021-09-13 06:28:29.0, totalCount:7, pageSize:1000, removeTime:1

2021-10-13 06:28:38,704 WARN HikariPool-1 - Thread starvation or clock leap detected (housekeeper delta=2m829ms33µs800ns).

2021-10-13 06:32:34,012 INFO [capacityManagement] start correct usage

2021-10-13 06:32:34,013 INFO [capacityManagement] end correct usage, cost: 0s

2021-10-13 06:38:34,904 WARN clearConfigHistory start

2021-10-13 06:38:34,906 WARN clearConfigHistory, getBeforeStamp:2021-09-13 06:38:34.0, totalCount:7, pageSize:1000, removeTime:1

2021-10-13 06:43:21,011 INFO [capacityManagement] start correct usage

2021-10-13 06:43:21,012 INFO [capacityManagement] end correct usage, cost: 0s

2021-10-13 06:48:34,846 WARN clearConfigHistory start

2021-10-13 06:48:34,847 WARN clearConfigHistory, getBeforeStamp:2021-09-13 06:48:34.0, totalCount:7, pageSize:1000, removeTime:1

2021-10-13 06:54:07,838 INFO [capacityManagement] start correct usage

2021-10-13 06:54:07,838 INFO [capacityManagement] end correct usage, cost: 0s

2021-10-13 06:58:34,780 WARN clearConfigHistory start

2021-10-13 06:58:34,781 WARN clearConfigHistory, getBeforeStamp:2021-09-13 06:58:34.0, totalCount:7, pageSize:1000, removeTime:1

2021-10-13 07:04:54,934 INFO [capacityManagement] start correct usage

2021-10-13 07:04:54,934 INFO [capacityManagement] end correct usage, cost: 0s

2021-10-13 07:10:02,085 WARN clearConfigHistory start

2021-10-13 07:10:02,086 WARN clearConfigHistory, getBeforeStamp:2021-09-13 07:10:02.0, totalCount:7, pageSize:1000, removeTime:1

2021-10-13 07:10:06,437 WARN HikariPool-1 - Thread starvation or clock leap detected (housekeeper delta=4m26s79ms13µs300ns).

2021-10-13 07:14:01,155 WARN HikariPool-1 - Thread starvation or clock leap detected (housekeeper delta=1m54s714ms491µs400ns).

2021-10-13 07:20:34,491 WARN clearConfigHistory start

2021-10-13 07:20:34,491 WARN clearConfigHistory, getBeforeStamp:2021-09-13 07:20:34.0, totalCount:7, pageSize:1000, removeTime:1

2021-10-13 07:20:38,564 WARN HikariPool-1 - Thread starvation or clock leap detected (housekeeper delta=2m1s27ms572µs900ns).

2021-10-13 07:21:52,987 INFO [capacityManagement] start correct usage

2021-10-13 07:21:52,987 INFO [capacityManagement] end correct usage, cost: 0s

2021-10-13 07:24:39,550 WARN HikariPool-1 - Thread starvation or clock leap detected (housekeeper delta=2m975ms256µs400ns).

2021-10-13 07:28:40,653 WARN HikariPool-1 - Thread starvation or clock leap detected (housekeeper delta=2m1s86ms647µs500ns).

2021-10-13 07:30:34,462 WARN clearConfigHistory start

2021-10-13 07:30:34,464 WARN clearConfigHistory, getBeforeStamp:2021-09-13 07:30:34.0, totalCount:7, pageSize:1000, removeTime:1

2021-10-13 07:33:25,355 WARN HikariPool-1 - Thread starvation or clock leap detected (housekeeper delta=2m44s688ms395µs900ns).

2021-10-13 07:37:16,013 INFO [capacityManagement] start correct usage

2021-10-13 07:37:16,013 INFO [capacityManagement] end correct usage, cost: 0s

2021-10-13 07:40:03,759 WARN HikariPool-1 - Thread starvation or clock leap detected (housekeeper delta=2m1s991ms838µs200ns).

2021-10-13 07:40:34,419 WARN clearConfigHistory start

2021-10-13 07:40:34,420 WARN clearConfigHistory, getBeforeStamp:2021-09-13 07:40:34.0, totalCount:7, pageSize:1000, removeTime:1

2021-10-13 07:44:03,688 WARN HikariPool-1 - Thread starvation or clock leap detected (housekeeper delta=1m59s922ms912µs100ns).

2021-10-13 07:48:04,974 WARN HikariPool-1 - Thread starvation or clock leap detected (housekeeper delta=2m1s284ms661µs900ns).

2021-10-13 08:20:28,243 WARN Stream Error

io.grpc.netty.shaded.io.netty.handler.codec.http2.Http2Exception$StreamException: Received DATA frame for an unknown stream 71093
	at io.grpc.netty.shaded.io.netty.handler.codec.http2.Http2Exception.streamError(Http2Exception.java:147)
	at io.grpc.netty.shaded.io.netty.handler.codec.http2.DefaultHttp2ConnectionDecoder$FrameReadListener.shouldIgnoreHeadersOrDataFrame(DefaultHttp2ConnectionDecoder.java:591)
	at io.grpc.netty.shaded.io.netty.handler.codec.http2.DefaultHttp2ConnectionDecoder$FrameReadListener.onDataRead(DefaultHttp2ConnectionDecoder.java:239)
	at io.grpc.netty.shaded.io.netty.handler.codec.http2.Http2InboundFrameLogger$1.onDataRead(Http2InboundFrameLogger.java:48)
	at io.grpc.netty.shaded.io.netty.handler.codec.http2.DefaultHttp2FrameReader.readDataFrame(DefaultHttp2FrameReader.java:422)
	at io.grpc.netty.shaded.io.netty.handler.codec.http2.DefaultHttp2FrameReader.processPayloadState(DefaultHttp2FrameReader.java:251)
	at io.grpc.netty.shaded.io.netty.handler.codec.http2.DefaultHttp2FrameReader.readFrame(DefaultHttp2FrameReader.java:160)
	at io.grpc.netty.shaded.io.netty.handler.codec.http2.Http2InboundFrameLogger.readFrame(Http2InboundFrameLogger.java:41)
	at io.grpc.netty.shaded.io.netty.handler.codec.http2.DefaultHttp2ConnectionDecoder.decodeFrame(DefaultHttp2ConnectionDecoder.java:174)
	at io.grpc.netty.shaded.io.netty.handler.codec.http2.Http2ConnectionHandler$FrameDecoder.decode(Http2ConnectionHandler.java:378)
	at io.grpc.netty.shaded.io.netty.handler.codec.http2.Http2ConnectionHandler.decode(Http2ConnectionHandler.java:438)
	at io.grpc.netty.shaded.io.netty.handler.codec.ByteToMessageDecoder.decodeRemovalReentryProtection(ByteToMessageDecoder.java:505)
	at io.grpc.netty.shaded.io.netty.handler.codec.ByteToMessageDecoder.callDecode(ByteToMessageDecoder.java:444)
	at io.grpc.netty.shaded.io.netty.handler.codec.ByteToMessageDecoder.channelRead(ByteToMessageDecoder.java:283)
	at io.grpc.netty.shaded.io.netty.channel.AbstractChannelHandlerContext.invokeChannelRead(AbstractChannelHandlerContext.java:374)
	at io.grpc.netty.shaded.io.netty.channel.AbstractChannelHandlerContext.invokeChannelRead(AbstractChannelHandlerContext.java:360)
	at io.grpc.netty.shaded.io.netty.channel.AbstractChannelHandlerContext.fireChannelRead(AbstractChannelHandlerContext.java:352)
	at io.grpc.netty.shaded.io.netty.channel.DefaultChannelPipeline$HeadContext.channelRead(DefaultChannelPipeline.java:1421)
	at io.grpc.netty.shaded.io.netty.channel.AbstractChannelHandlerContext.invokeChannelRead(AbstractChannelHandlerContext.java:374)
	at io.grpc.netty.shaded.io.netty.channel.AbstractChannelHandlerContext.invokeChannelRead(AbstractChannelHandlerContext.java:360)
	at io.grpc.netty.shaded.io.netty.channel.DefaultChannelPipeline.fireChannelRead(DefaultChannelPipeline.java:930)
	at io.grpc.netty.shaded.io.netty.channel.nio.AbstractNioByteChannel$NioByteUnsafe.read(AbstractNioByteChannel.java:163)
	at io.grpc.netty.shaded.io.netty.channel.nio.NioEventLoop.processSelectedKey(NioEventLoop.java:697)
	at io.grpc.netty.shaded.io.netty.channel.nio.NioEventLoop.processSelectedKeysOptimized(NioEventLoop.java:632)
	at io.grpc.netty.shaded.io.netty.channel.nio.NioEventLoop.processSelectedKeys(NioEventLoop.java:549)
	at io.grpc.netty.shaded.io.netty.channel.nio.NioEventLoop.run(NioEventLoop.java:511)
	at io.grpc.netty.shaded.io.netty.util.concurrent.SingleThreadEventExecutor$5.run(SingleThreadEventExecutor.java:918)
	at io.grpc.netty.shaded.io.netty.util.internal.ThreadExecutorMap$2.run(ThreadExecutorMap.java:74)
	at io.grpc.netty.shaded.io.netty.util.concurrent.FastThreadLocalRunnable.run(FastThreadLocalRunnable.java:30)
	at java.lang.Thread.run(Thread.java:748)
2021-10-13 08:20:29,301 WARN clearConfigHistory start

2021-10-13 08:20:29,302 WARN clearConfigHistory, getBeforeStamp:2021-09-13 08:20:29.0, totalCount:7, pageSize:1000, removeTime:1

2021-10-13 08:20:32,689 WARN HikariPool-1 - Thread starvation or clock leap detected (housekeeper delta=30m27s690ms532µs900ns).

2021-10-13 08:21:46,813 INFO [capacityManagement] start correct usage

2021-10-13 08:21:46,814 INFO [capacityManagement] end correct usage, cost: 0s

2021-10-13 08:23:55,812 WARN HikariPool-1 - Thread starvation or clock leap detected (housekeeper delta=1m23s101ms747µs800ns).

2021-10-13 08:30:29,298 WARN clearConfigHistory start

2021-10-13 08:30:29,314 WARN clearConfigHistory, getBeforeStamp:2021-09-13 08:30:29.0, totalCount:7, pageSize:1000, removeTime:1

2021-10-13 08:32:39,893 INFO [capacityManagement] start correct usage

2021-10-13 08:32:39,893 INFO [capacityManagement] end correct usage, cost: 0s

2021-10-13 08:40:29,331 WARN clearConfigHistory start

2021-10-13 08:40:29,333 WARN clearConfigHistory, getBeforeStamp:2021-09-13 08:40:29.0, totalCount:7, pageSize:1000, removeTime:1

2021-10-13 08:42:39,906 INFO [capacityManagement] start correct usage

2021-10-13 08:42:39,906 INFO [capacityManagement] end correct usage, cost: 0s

2021-10-13 08:50:29,355 WARN clearConfigHistory start

2021-10-13 08:50:29,364 WARN clearConfigHistory, getBeforeStamp:2021-09-13 08:50:29.0, totalCount:7, pageSize:1000, removeTime:1

2021-10-13 08:52:39,912 INFO [capacityManagement] start correct usage

2021-10-13 08:52:39,916 INFO [capacityManagement] end correct usage, cost: 0s

2021-10-13 09:00:29,382 WARN clearConfigHistory start

2021-10-13 09:00:29,383 WARN clearConfigHistory, getBeforeStamp:2021-09-13 09:00:29.0, totalCount:7, pageSize:1000, removeTime:1

2021-10-13 09:02:39,920 INFO [capacityManagement] start correct usage

2021-10-13 09:02:39,922 INFO [capacityManagement] end correct usage, cost: 0s

2021-10-13 09:10:29,393 WARN clearConfigHistory start

2021-10-13 09:10:29,393 WARN clearConfigHistory, getBeforeStamp:2021-09-13 09:10:29.0, totalCount:7, pageSize:1000, removeTime:1

2021-10-13 09:12:39,935 INFO [capacityManagement] start correct usage

2021-10-13 09:12:39,937 INFO [capacityManagement] end correct usage, cost: 0s

2021-10-13 09:20:29,408 WARN clearConfigHistory start

2021-10-13 09:20:29,409 WARN clearConfigHistory, getBeforeStamp:2021-09-13 09:20:29.0, totalCount:7, pageSize:1000, removeTime:1

2021-10-13 09:22:39,953 INFO [capacityManagement] start correct usage

2021-10-13 09:22:39,953 INFO [capacityManagement] end correct usage, cost: 0s

2021-10-13 09:30:29,419 WARN clearConfigHistory start

2021-10-13 09:30:29,420 WARN clearConfigHistory, getBeforeStamp:2021-09-13 09:30:29.0, totalCount:7, pageSize:1000, removeTime:1

2021-10-13 09:32:39,966 INFO [capacityManagement] start correct usage

2021-10-13 09:32:39,967 INFO [capacityManagement] end correct usage, cost: 0s

2021-10-13 09:40:29,437 WARN clearConfigHistory start

2021-10-13 09:40:29,505 WARN clearConfigHistory, getBeforeStamp:2021-09-13 09:40:29.0, totalCount:7, pageSize:1000, removeTime:1

2021-10-13 09:42:39,973 INFO [capacityManagement] start correct usage

2021-10-13 09:42:40,000 INFO [capacityManagement] end correct usage, cost: 0s

