2021-10-13 00:05:42,076 INFO PERFORMANCE:|0|0|-1|-1

2021-10-13 00:12:30,562 INFO PERFORMANCE:|0|0|-1|-1

2021-10-13 00:20:26,506 INFO PERFORMANCE:|0|0|-1|-1

2021-10-13 00:27:08,354 INFO PERFORMANCE:|0|0|-1|-1

2021-10-13 00:36:31,545 INFO PERFORMANCE:|0|0|-1|-1

2021-10-13 00:42:33,652 INFO PERFORMANCE:|0|0|-1|-1

2021-10-13 00:48:03,685 INFO PERFORMANCE:|0|0|-1|-1

2021-10-13 00:53:26,548 INFO PERFORMANCE:|0|0|-1|-1

2021-10-13 00:58:37,644 INFO PERFORMANCE:|0|0|-1|-1

2021-10-13 01:04:12,744 INFO PERFORMANCE:|0|0|-1|-1

2021-10-13 01:09:35,570 INFO PERFORMANCE:|0|0|-1|-1

2021-10-13 01:14:58,406 INFO PERFORMANCE:|0|0|-1|-1

2021-10-13 01:20:03,143 INFO PERFORMANCE:|0|0|-1|-1

2021-10-13 01:25:25,542 INFO PERFORMANCE:|0|0|-1|-1

2021-10-13 01:31:05,712 INFO PERFORMANCE:|0|0|-1|-1

2021-10-13 01:36:28,617 INFO PERFORMANCE:|0|0|-1|-1

2021-10-13 01:41:51,397 INFO PERFORMANCE:|0|0|-1|-1

2021-10-13 01:47:14,739 INFO PERFORMANCE:|0|0|-1|-1

2021-10-13 01:53:17,614 INFO PERFORMANCE:|0|0|-1|-1

2021-10-13 01:58:40,566 INFO PERFORMANCE:|0|0|-1|-1

2021-10-13 02:04:03,651 INFO PERFORMANCE:|0|0|-1|-1

2021-10-13 02:09:26,731 INFO PERFORMANCE:|0|0|-1|-1

2021-10-13 02:14:46,872 INFO PERFORMANCE:|0|0|-1|-1

2021-10-13 02:20:12,688 INFO PERFORMANCE:|0|0|-1|-1

2021-10-13 02:25:30,684 INFO PERFORMANCE:|0|0|-1|-1

2021-10-13 02:30:58,644 INFO PERFORMANCE:|0|0|-1|-1

2021-10-13 02:36:21,756 INFO PERFORMANCE:|0|0|-1|-1

2021-10-13 02:41:44,880 INFO PERFORMANCE:|0|0|-1|-1

2021-10-13 02:47:07,929 INFO PERFORMANCE:|0|0|-1|-1

2021-10-13 02:52:30,808 INFO PERFORMANCE:|0|0|-1|-1

2021-10-13 02:57:53,833 INFO PERFORMANCE:|0|0|-1|-1

2021-10-13 03:03:16,611 INFO PERFORMANCE:|0|0|-1|-1

2021-10-13 03:08:35,869 INFO PERFORMANCE:|0|0|-1|-1

2021-10-13 03:13:56,880 INFO PERFORMANCE:|0|0|-1|-1

2021-10-13 03:19:24,434 INFO PERFORMANCE:|0|0|-1|-1

2021-10-13 03:24:47,791 INFO PERFORMANCE:|0|0|-1|-1

2021-10-13 03:30:03,819 INFO PERFORMANCE:|0|0|-1|-1

2021-10-13 03:35:25,893 INFO PERFORMANCE:|0|0|-1|-1

2021-10-13 03:40:56,593 INFO PERFORMANCE:|0|0|-1|-1

2021-10-13 03:46:19,632 INFO PERFORMANCE:|0|0|-1|-1

2021-10-13 03:51:41,650 INFO PERFORMANCE:|0|0|-1|-1

2021-10-13 03:57:04,822 INFO PERFORMANCE:|0|0|-1|-1

2021-10-13 04:02:27,873 INFO PERFORMANCE:|0|0|-1|-1

2021-10-13 04:07:50,636 INFO PERFORMANCE:|0|0|-1|-1

2021-10-13 04:13:07,824 INFO PERFORMANCE:|0|0|-1|-1

2021-10-13 04:18:36,984 INFO PERFORMANCE:|0|0|-1|-1

2021-10-13 04:24:00,723 INFO PERFORMANCE:|0|0|-1|-1

2021-10-13 04:29:37,818 INFO PERFORMANCE:|0|0|-1|-1

2021-10-13 04:35:25,603 INFO PERFORMANCE:|0|0|-1|-1

2021-10-13 04:40:48,878 INFO PERFORMANCE:|0|0|-1|-1

2021-10-13 04:46:11,626 INFO PERFORMANCE:|0|0|-1|-1

2021-10-13 04:51:34,814 INFO PERFORMANCE:|0|0|-1|-1

2021-10-13 04:56:56,951 INFO PERFORMANCE:|0|0|-1|-1

2021-10-13 05:02:19,895 INFO PERFORMANCE:|0|0|-1|-1

2021-10-13 05:07:56,823 INFO PERFORMANCE:|0|0|-1|-1

2021-10-13 05:15:53,896 INFO PERFORMANCE:|0|0|-1|-1

2021-10-13 05:21:54,588 INFO PERFORMANCE:|0|0|-1|-1

2021-10-13 05:28:36,910 INFO PERFORMANCE:|0|0|-1|-1

2021-10-13 05:37:59,740 INFO PERFORMANCE:|0|0|-1|-1

2021-10-13 05:43:51,098 INFO PERFORMANCE:|0|0|-1|-1

2021-10-13 05:48:49,290 INFO PERFORMANCE:|0|0|-1|-1

2021-10-13 05:53:49,303 INFO PERFORMANCE:|0|0|-1|-1

2021-10-13 05:58:57,496 INFO PERFORMANCE:|0|0|-1|-1

2021-10-13 06:05:01,070 INFO PERFORMANCE:|0|0|-1|-1

2021-10-13 06:14:21,583 INFO PERFORMANCE:|0|0|-1|-1

2021-10-13 06:21:03,627 INFO PERFORMANCE:|0|0|-1|-1

2021-10-13 06:26:24,998 INFO PERFORMANCE:|0|0|-1|-1

2021-10-13 06:33:06,043 INFO PERFORMANCE:|0|0|-1|-1

2021-10-13 06:38:28,764 INFO PERFORMANCE:|0|0|-1|-1

2021-10-13 06:43:53,059 INFO PERFORMANCE:|0|0|-1|-1

2021-10-13 06:49:16,792 INFO PERFORMANCE:|0|0|-1|-1

2021-10-13 06:54:39,897 INFO PERFORMANCE:|0|0|-1|-1

2021-10-13 07:00:03,984 INFO PERFORMANCE:|0|0|-1|-1

2021-10-13 07:05:26,988 INFO PERFORMANCE:|0|0|-1|-1

2021-10-13 07:15:47,729 INFO PERFORMANCE:|0|0|-1|-1

2021-10-13 07:22:25,053 INFO PERFORMANCE:|0|0|-1|-1

2021-10-13 07:30:27,062 INFO PERFORMANCE:|0|0|-1|-1

2021-10-13 07:37:48,080 INFO PERFORMANCE:|0|0|-1|-1

2021-10-13 07:45:49,957 INFO PERFORMANCE:|0|0|-1|-1

2021-10-13 08:22:18,890 INFO PERFORMANCE:|0|0|-1|-1

2021-10-13 08:28:11,967 INFO PERFORMANCE:|0|0|-1|-1

2021-10-13 08:33:11,980 INFO PERFORMANCE:|0|0|-1|-1

2021-10-13 08:38:11,984 INFO PERFORMANCE:|0|0|-1|-1

2021-10-13 08:43:11,993 INFO PERFORMANCE:|0|0|-1|-1

2021-10-13 08:48:11,996 INFO PERFORMANCE:|0|0|-1|-1

2021-10-13 08:53:12,012 INFO PERFORMANCE:|0|0|-1|-1

2021-10-13 08:58:12,013 INFO PERFORMANCE:|0|0|-1|-1

2021-10-13 09:03:12,029 INFO PERFORMANCE:|0|0|-1|-1

2021-10-13 09:08:12,034 INFO PERFORMANCE:|0|0|-1|-1

2021-10-13 09:13:12,049 INFO PERFORMANCE:|0|0|-1|-1

2021-10-13 09:18:12,058 INFO PERFORMANCE:|0|0|-1|-1

2021-10-13 09:23:12,074 INFO PERFORMANCE:|0|0|-1|-1

2021-10-13 09:28:12,075 INFO PERFORMANCE:|0|0|-1|-1

2021-10-13 09:33:12,086 INFO PERFORMANCE:|0|0|-1|-1

2021-10-13 09:38:12,096 INFO PERFORMANCE:|0|0|-1|-1

2021-10-13 09:43:12,105 INFO PERFORMANCE:|0|0|-1|-1

