2021-10-08 18:38:11,732 INFO raft peers changed: [Member{ip='192.168.200.102', port=8848, state=UP, extendInfo={adWeight=0, raftPort=7848, site=unknow, weight=1}}]

2021-10-08 18:38:11,764 INFO initializing Raft sub-system

2021-10-08 18:38:11,764 INFO finish loading all datums, size: 0 cost 0 ms.

2021-10-08 18:38:11,772 INFO cache loaded, datum count: 0, current term: 0

2021-10-08 18:38:11,772 INFO finish to load data from disk, cost: 8 ms.

2021-10-08 18:38:11,790 INFO timer started: leader timeout ms: 15000, heart-beat timeout ms: 5000

2021-10-08 18:38:12,874 INFO add listener: com.alibaba.nacos.naming.domains.meta.00-00---000-NACOS_SWITCH_DOMAIN-000---00-00

2021-10-08 18:38:12,893 INFO add listener: com.alibaba.nacos.naming.domains.meta.

2021-10-08 18:38:14,843 INFO leader timeout, start voting,leader: {"ip":"192.168.200.102:8848","term":0,"leaderDueMs":19379,"heartbeatDueMs":5000,"state":"FOLLOWER"}, term: 0

2021-10-08 18:38:16,696 WARN start to close old raft protocol!!!

2021-10-08 18:38:16,696 WARN stop old raft protocol task for notifier

2021-10-08 18:38:16,696 WARN stop old raft protocol task for master task

2021-10-08 18:38:16,696 WARN stop old raft protocol task for heartbeat task

2021-10-08 18:38:16,696 WARN clean old cache datum for old raft

2021-10-08 18:38:16,696 WARN start to close old raft protocol!!!

2021-10-08 18:38:16,696 WARN stop old raft protocol task for notifier

2021-10-08 18:38:16,696 WARN stop old raft protocol task for master task

2021-10-08 18:38:16,696 WARN stop old raft protocol task for heartbeat task

2021-10-08 18:38:16,696 WARN clean old cache datum for old raft

2021-10-08 18:38:16,696 WARN start to move old raft protocol metadata

2021-10-08 18:38:16,698 WARN start to move old raft protocol metadata

2021-10-08 18:38:16,700 INFO raft peers changed: [Member{ip='192.168.200.102', port=8848, state=UP, extendInfo={adWeight=0, lastRefreshTime=1633689496698, raftPort=7848, remoteConnectType=GRPC, site=unknow, version=2.0.0-ALPHA.1, weight=1}}]

